<?xml version="1.0" encoding="UTF-8"?>
<testsuite xmlns:xsi="http://www.w3.org/2001/XMLSchema-instance" xsi:noNamespaceSchemaLocation="https://maven.apache.org/surefire/maven-surefire-plugin/xsd/surefire-test-report.xsd" name="visa.jawas.hack.proj.ApplicationTests" time="0.174" tests="1" errors="1" skipped="0" failures="0">
  <properties>
[...]
</properties>
  <testcase name="visa.jawas.hack.proj.ApplicationTests" classname="visa.jawas.hack.proj.ApplicationTests" time="0.173">
    <error message="Unable to find a @SpringBootConfiguration, you need to use @ContextConfiguration or @SpringBootTest(classes=...) with your test" type="java.lang.IllegalStateException">java.lang.IllegalStateException: Unable to find a @SpringBootConfiguration, you need to use @ContextConfiguration or @SpringBootTest(classes=...) with your test
</error>
    <system-out><![CDATA[18:56:21.079 [main] DEBUG org.springframework.test.context.BootstrapUtils - Instantiating CacheAwareContextLoaderDelegate from class [org.springframework.test.context.cache.DefaultCacheAwareContextLoaderDelegate]
18:56:21.087 [main] DEBUG org.springframework.test.context.BootstrapUtils - Instantiating BootstrapContext using constructor [public org.springframework.test.context.support.DefaultBootstrapContext(java.lang.Class,org.springframework.test.context.CacheAwareContextLoaderDelegate)]
18:56:21.108 [main] DEBUG org.springframework.test.context.BootstrapUtils - Instantiating TestContextBootstrapper for test class [visa.jawas.hack.proj.ApplicationTests] from class [org.springframework.boot.test.context.SpringBootTestContextBootstrapper]
18:56:21.117 [main] INFO org.springframework.boot.test.context.SpringBootTestContextBootstrapper - Neither @ContextConfiguration nor @ContextHierarchy found for test class [visa.jawas.hack.proj.ApplicationTests], using SpringBootContextLoader
18:56:21.120 [main] DEBUG org.springframework.test.context.support.AbstractContextLoader - Did not detect default resource location for test class [visa.jawas.hack.proj.ApplicationTests]: class path resource [visa/jawas/hack/proj/ApplicationTests-context.xml] does not exist
18:56:21.120 [main] DEBUG org.springframework.test.context.support.AbstractContextLoader - Did not detect default resource location for test class [visa.jawas.hack.proj.ApplicationTests]: class path resource [visa/jawas/hack/proj/ApplicationTestsContext.groovy] does not exist
18:56:21.120 [main] INFO org.springframework.test.context.support.AbstractContextLoader - Could not detect default resource locations for test class [visa.jawas.hack.proj.ApplicationTests]: no resource found for suffixes {-context.xml, Context.groovy}.
18:56:21.121 [main] INFO org.springframework.test.context.support.AnnotationConfigContextLoaderUtils - Could not detect default configuration classes for test class [visa.jawas.hack.proj.ApplicationTests]: ApplicationTests does not declare any static, non-private, non-final, nested classes annotated with @Configuration.
18:56:21.149 [main] DEBUG org.springframework.test.context.support.ActiveProfilesUtils - Could not find an 'annotation declaring class' for annotation type [org.springframework.test.context.ActiveProfiles] and class [visa.jawas.hack.proj.ApplicationTests]
18:56:21.173 [main] DEBUG org.springframework.test.context.BootstrapUtils - Instantiating CacheAwareContextLoaderDelegate from class [org.springframework.test.context.cache.DefaultCacheAwareContextLoaderDelegate]
18:56:21.173 [main] DEBUG org.springframework.test.context.BootstrapUtils - Instantiating BootstrapContext using constructor [public org.springframework.test.context.support.DefaultBootstrapContext(java.lang.Class,org.springframework.test.context.CacheAwareContextLoaderDelegate)]
18:56:21.173 [main] DEBUG org.springframework.test.context.BootstrapUtils - Instantiating TestContextBootstrapper for test class [visa.jawas.hack.proj.ApplicationTests] from class [org.springframework.boot.test.context.SpringBootTestContextBootstrapper]
18:56:21.174 [main] INFO org.springframework.boot.test.context.SpringBootTestContextBootstrapper - Neither @ContextConfiguration nor @ContextHierarchy found for test class [visa.jawas.hack.proj.ApplicationTests], using SpringBootContextLoader
18:56:21.175 [main] DEBUG org.springframework.test.context.support.AbstractContextLoader - Did not detect default resource location for test class [visa.jawas.hack.proj.ApplicationTests]: class path resource [visa/jawas/hack/proj/ApplicationTests-context.xml] does not exist
18:56:21.175 [main] DEBUG org.springframework.test.context.support.AbstractContextLoader - Did not detect default resource location for test class [visa.jawas.hack.proj.ApplicationTests]: class path resource [visa/jawas/hack/proj/ApplicationTestsContext.groovy] does not exist
18:56:21.175 [main] INFO org.springframework.test.context.support.AbstractContextLoader - Could not detect default resource locations for test class [visa.jawas.hack.proj.ApplicationTests]: no resource found for suffixes {-context.xml, Context.groovy}.
18:56:21.175 [main] INFO org.springframework.test.context.support.AnnotationConfigContextLoaderUtils - Could not detect default configuration classes for test class [visa.jawas.hack.proj.ApplicationTests]: ApplicationTests does not declare any static, non-private, non-final, nested classes annotated with @Configuration.
18:56:21.177 [main] DEBUG org.springframework.test.context.support.ActiveProfilesUtils - Could not find an 'annotation declaring class' for annotation type [org.springframework.test.context.ActiveProfiles] and class [visa.jawas.hack.proj.ApplicationTests]
18:56:21.181 [main] DEBUG org.springframework.test.context.BootstrapUtils - Instantiating CacheAwareContextLoaderDelegate from class [org.springframework.test.context.cache.DefaultCacheAwareContextLoaderDelegate]
18:56:21.181 [main] DEBUG org.springframework.test.context.BootstrapUtils - Instantiating BootstrapContext using constructor [public org.springframework.test.context.support.DefaultBootstrapContext(java.lang.Class,org.springframework.test.context.CacheAwareContextLoaderDelegate)]
18:56:21.182 [main] DEBUG org.springframework.test.context.BootstrapUtils - Instantiating TestContextBootstrapper for test class [visa.jawas.hack.proj.ApplicationTests] from class [org.springframework.boot.test.context.SpringBootTestContextBootstrapper]
18:56:21.183 [main] INFO org.springframework.boot.test.context.SpringBootTestContextBootstrapper - Neither @ContextConfiguration nor @ContextHierarchy found for test class [visa.jawas.hack.proj.ApplicationTests], using SpringBootContextLoader
18:56:21.184 [main] DEBUG org.springframework.test.context.support.AbstractContextLoader - Did not detect default resource location for test class [visa.jawas.hack.proj.ApplicationTests]: class path resource [visa/jawas/hack/proj/ApplicationTests-context.xml] does not exist
18:56:21.184 [main] DEBUG org.springframework.test.context.support.AbstractContextLoader - Did not detect default resource location for test class [visa.jawas.hack.proj.ApplicationTests]: class path resource [visa/jawas/hack/proj/ApplicationTestsContext.groovy] does not exist
18:56:21.184 [main] INFO org.springframework.test.context.support.AbstractContextLoader - Could not detect default resource locations for test class [visa.jawas.hack.proj.ApplicationTests]: no resource found for suffixes {-context.xml, Context.groovy}.
18:56:21.184 [main] INFO org.springframework.test.context.support.AnnotationConfigContextLoaderUtils - Could not detect default configuration classes for test class [visa.jawas.hack.proj.ApplicationTests]: ApplicationTests does not declare any static, non-private, non-final, nested classes annotated with @Configuration.
18:56:21.185 [main] DEBUG org.springframework.test.context.support.ActiveProfilesUtils - Could not find an 'annotation declaring class' for annotation type [org.springframework.test.context.ActiveProfiles] and class [visa.jawas.hack.proj.ApplicationTests]
]]></system-out>
  </testcase>
</testsuite>